# JRE version: OpenJDK Runtime Environment (8.0_152-b02) (build 1.8.0_152-release-1024-b02)
# Java VM: OpenJDK 64-Bit Server VM (25.152-b02 mixed mode windows-amd64 compressed oops)
Heap:
 PSYoungGen      total 192000K, used 54336K [0x00000000e0000000, 0x00000000ee000000, 0x0000000100000000)
  eden space 166912K, 19% used [0x00000000e0000000,0x00000000e1f64c50,0x00000000ea300000)
  from space 25088K, 88% used [0x00000000ebe00000,0x00000000ed3ab3d8,0x00000000ed680000)
  to   space 27648K, 0% used [0x00000000ea300000,0x00000000ea300000,0x00000000ebe00000)
 ParOldGen       total 153088K, used 58096K [0x00000000a0000000, 0x00000000a9580000, 0x00000000e0000000)
  object space 153088K, 37% used [0x00000000a0000000,0x00000000a38bc2c0,0x00000000a9580000)
 Metaspace       used 73653K, capacity 76644K, committed 76800K, reserved 1116160K
  class space    used 9495K, capacity 10153K, committed 10240K, reserved 1048576K
GC Heap History (10 events):
Event: 301.377 GC heap before
{Heap before GC invocations=19 (full 3):
 PSYoungGen      total 166400K, used 156380K [0x00000000e0000000, 0x00000000ec880000, 0x0000000100000000)
  eden space 145920K, 100% used [0x00000000e0000000,0x00000000e8e80000,0x00000000e8e80000)
  from space 20480K, 51% used [0x00000000e8e80000,0x00000000e98b7298,0x00000000ea280000)
  to   space 19968K, 0% used [0x00000000eb500000,0x00000000eb500000,0x00000000ec880000)
 ParOldGen       total 153088K, used 43291K [0x00000000a0000000, 0x00000000a9580000, 0x00000000e0000000)
  object space 153088K, 28% used [0x00000000a0000000,0x00000000a2a46cc8,0x00000000a9580000)
 Metaspace       used 66815K, capacity 69448K, committed 69632K, reserved 1110016K
  class space    used 8731K, capacity 9355K, committed 9472K, reserved 1048576K
Event: 301.389 GC heap after
Heap after GC invocations=19 (full 3):
 PSYoungGen      total 181248K, used 8321K [0x00000000e0000000, 0x00000000ec580000, 0x0000000100000000)
  eden space 164352K, 0% used [0x00000000e0000000,0x00000000e0000000,0x00000000ea080000)
  from space 16896K, 49% used [0x00000000eb500000,0x00000000ebd20400,0x00000000ec580000)
  to   space 18944K, 0% used [0x00000000ea080000,0x00000000ea080000,0x00000000eb300000)
 ParOldGen       total 153088K, used 43299K [0x00000000a0000000, 0x00000000a9580000, 0x00000000e0000000)
  object space 153088K, 28% used [0x00000000a0000000,0x00000000a2a48cc8,0x00000000a9580000)
 Metaspace       used 66815K, capacity 69448K, committed 69632K, reserved 1110016K
  class space    used 8731K, capacity 9355K, committed 9472K, reserved 1048576K
}
Event: 306.373 GC heap before
{Heap before GC invocations=20 (full 3):
 PSYoungGen      total 181248K, used 172673K [0x00000000e0000000, 0x00000000ec580000, 0x0000000100000000)
  eden space 164352K, 100% used [0x00000000e0000000,0x00000000ea080000,0x00000000ea080000)
  from space 16896K, 49% used [0x00000000eb500000,0x00000000ebd20400,0x00000000ec580000)
  to   space 18944K, 0% used [0x00000000ea080000,0x00000000ea080000,0x00000000eb300000)
 ParOldGen       total 153088K, used 43299K [0x00000000a0000000, 0x00000000a9580000, 0x00000000e0000000)
  object space 153088K, 28% used [0x00000000a0000000,0x00000000a2a48cc8,0x00000000a9580000)
 Metaspace       used 67388K, capacity 70094K, committed 70400K, reserved 1110016K
  class space    used 8784K, capacity 9414K, committed 9472K, reserved 1048576K
Event: 306.392 GC heap after
Heap after GC invocations=20 (full 3):
 PSYoungGen      total 178688K, used 18916K [0x00000000e0000000, 0x00000000ecf00000, 0x0000000100000000)
  eden space 159744K, 0% used [0x00000000e0000000,0x00000000e0000000,0x00000000e9c00000)
  from space 18944K, 99% used [0x00000000ea080000,0x00000000eb2f9300,0x00000000eb300000)
  to   space 26112K, 0% used [0x00000000eb580000,0x00000000eb580000,0x00000000ecf00000)
 ParOldGen       total 153088K, used 55007K [0x00000000a0000000, 0x00000000a9580000, 0x00000000e0000000)
  object space 153088K, 35% used [0x00000000a0000000,0x00000000a35b7f80,0x00000000a9580000)
 Metaspace       used 67388K, capacity 70094K, committed 70400K, reserved 1110016K
  class space    used 8784K, capacity 9414K, committed 9472K, reserved 1048576K
}
Event: 321.314 GC heap before
{Heap before GC invocations=21 (full 3):
 PSYoungGen      total 178688K, used 178660K [0x00000000e0000000, 0x00000000ecf00000, 0x0000000100000000)
  eden space 159744K, 100% used [0x00000000e0000000,0x00000000e9c00000,0x00000000e9c00000)
  from space 18944K, 99% used [0x00000000ea080000,0x00000000eb2f9300,0x00000000eb300000)
  to   space 26112K, 0% used [0x00000000eb580000,0x00000000eb580000,0x00000000ecf00000)
 ParOldGen       total 153088K, used 55007K [0x00000000a0000000, 0x00000000a9580000, 0x00000000e0000000)
  object space 153088K, 35% used [0x00000000a0000000,0x00000000a35b7f80,0x00000000a9580000)
 Metaspace       used 68270K, capacity 71314K, committed 71552K, reserved 1112064K
  class space    used 8894K, capacity 9570K, committed 9600K, reserved 1048576K
Event: 321.334 GC heap after
Heap after GC invocations=21 (full 3):
 PSYoungGen      total 175616K, used 15072K [0x00000000e0000000, 0x00000000ec980000, 0x0000000100000000)
  eden space 155136K, 0% used [0x00000000e0000000,0x00000000e0000000,0x00000000e9780000)
  from space 20480K, 73% used [0x00000000eb580000,0x00000000ec438070,0x00000000ec980000)
  to   space 25600K, 0% used [0x00000000e9780000,0x00000000e9780000,0x00000000eb080000)
 ParOldGen       total 153088K, used 58088K [0x00000000a0000000, 0x00000000a9580000, 0x00000000e0000000)
  object space 153088K, 37% used [0x00000000a0000000,0x00000000a38ba2c0,0x00000000a9580000)
 Metaspace       used 68270K, capacity 71314K, committed 71552K, reserved 1112064K
  class space    used 8894K, capacity 9570K, committed 9600K, reserved 1048576K
}
Event: 322.135 GC heap before
{Heap before GC invocations=22 (full 3):
 PSYoungGen      total 175616K, used 170208K [0x00000000e0000000, 0x00000000ec980000, 0x0000000100000000)
  eden space 155136K, 100% used [0x00000000e0000000,0x00000000e9780000,0x00000000e9780000)
  from space 20480K, 73% used [0x00000000eb580000,0x00000000ec438070,0x00000000ec980000)
  to   space 25600K, 0% used [0x00000000e9780000,0x00000000e9780000,0x00000000eb080000)
 ParOldGen       total 153088K, used 58088K [0x00000000a0000000, 0x00000000a9580000, 0x00000000e0000000)
  object space 153088K, 37% used [0x00000000a0000000,0x00000000a38ba2c0,0x00000000a9580000)
 Metaspace       used 68468K, capacity 71456K, committed 71552K, reserved 1112064K
  class space    used 8917K, capacity 9573K, committed 9600K, reserved 1048576K
Event: 322.150 GC heap after
Heap after GC invocations=22 (full 3):
 PSYoungGen      total 180736K, used 14608K [0x00000000e0000000, 0x00000000ed680000, 0x0000000100000000)
  eden space 155136K, 0% used [0x00000000e0000000,0x00000000e0000000,0x00000000e9780000)
  from space 25600K, 57% used [0x00000000e9780000,0x00000000ea5c4060,0x00000000eb080000)
  to   space 25088K, 0% used [0x00000000ebe00000,0x00000000ebe00000,0x00000000ed680000)
 ParOldGen       total 153088K, used 58096K [0x00000000a0000000, 0x00000000a9580000, 0x00000000e0000000)
  object space 153088K, 37% used [0x00000000a0000000,0x00000000a38bc2c0,0x00000000a9580000)
 Metaspace       used 68468K, capacity 71456K, committed 71552K, reserved 1112064K
  class space    used 8917K, capacity 9573K, committed 9600K, reserved 1048576K
}
Event: 323.370 GC heap before
{Heap before GC invocations=23 (full 3):
 PSYoungGen      total 180736K, used 169744K [0x00000000e0000000, 0x00000000ed680000, 0x0000000100000000)
  eden space 155136K, 100% used [0x00000000e0000000,0x00000000e9780000,0x00000000e9780000)
  from space 25600K, 57% used [0x00000000e9780000,0x00000000ea5c4060,0x00000000eb080000)
  to   space 25088K, 0% used [0x00000000ebe00000,0x00000000ebe00000,0x00000000ed680000)
 ParOldGen       total 153088K, used 58096K [0x00000000a0000000, 0x00000000a9580000, 0x00000000e0000000)
  object space 153088K, 37% used [0x00000000a0000000,0x00000000a38bc2c0,0x00000000a9580000)
 Metaspace       used 72356K, capacity 75300K, committed 75392K, reserved 1114112K
  class space    used 9416K, capacity 10089K, committed 10112K, reserved 1048576K
Event: 323.402 GC heap after
Heap after GC invocations=23 (full 3):
 PSYoungGen      total 192000K, used 22188K [0x00000000e0000000, 0x00000000ee000000, 0x0000000100000000)
  eden space 166912K, 0% used [0x00000000e0000000,0x00000000e0000000,0x00000000ea300000)
  from space 25088K, 88% used [0x00000000ebe00000,0x00000000ed3ab3d8,0x00000000ed680000)
  to   space 27648K, 0% used [0x00000000ea300000,0x00000000ea300000,0x00000000ebe00000)
 ParOldGen       total 153088K, used 58096K [0x00000000a0000000, 0x00000000a9580000, 0x00000000e0000000)
  object space 153088K, 37% used [0x00000000a0000000,0x00000000a38bc2c0,0x00000000a9580000)
 Metaspace       used 72356K, capacity 75300K, committed 75392K, reserved 1114112K
  class space    used 9416K, capacity 10089K, committed 10112K, reserved 1048576K
}

