# JRE version: OpenJDK Runtime Environment (8.0_152-b02) (build 1.8.0_152-release-1024-b02)
# Java VM: OpenJDK 64-Bit Server VM (25.152-b02 mixed mode windows-amd64 compressed oops)
Heap:
 PSYoungGen      total 456704K, used 191690K [0x00000000e0000000, 0x00000000ff000000, 0x0000000100000000)
  eden space 435200K, 40% used [0x00000000e0000000,0x00000000eac621d8,0x00000000fa900000)
  from space 21504K, 70% used [0x00000000fdb00000,0x00000000fe9d0750,0x00000000ff000000)
  to   space 36352K, 0% used [0x00000000fa900000,0x00000000fa900000,0x00000000fcc80000)
 ParOldGen       total 142336K, used 61350K [0x00000000a0000000, 0x00000000a8b00000, 0x00000000e0000000)
  object space 142336K, 43% used [0x00000000a0000000,0x00000000a3be9a10,0x00000000a8b00000)
 Metaspace       used 82436K, capacity 86496K, committed 86744K, reserved 1124352K
  class space    used 10393K, capacity 11179K, committed 11264K, reserved 1048576K
GC Heap History (10 events):
Event: 144.762 GC heap before
{Heap before GC invocations=27 (full 3):
 PSYoungGen      total 459776K, used 459693K [0x00000000e0000000, 0x00000000ffe00000, 0x0000000100000000)
  eden space 454144K, 100% used [0x00000000e0000000,0x00000000fbb80000,0x00000000fbb80000)
  from space 5632K, 98% used [0x00000000fbb80000,0x00000000fc0eb728,0x00000000fc100000)
  to   space 33792K, 0% used [0x00000000fdd00000,0x00000000fdd00000,0x00000000ffe00000)
 ParOldGen       total 142336K, used 59493K [0x00000000a0000000, 0x00000000a8b00000, 0x00000000e0000000)
  object space 142336K, 41% used [0x00000000a0000000,0x00000000a3a19600,0x00000000a8b00000)
 Metaspace       used 79585K, capacity 83290K, committed 83416K, reserved 1122304K
  class space    used 10197K, capacity 10934K, committed 11008K, reserved 1048576K
Event: 144.806 GC heap after
Heap after GC invocations=27 (full 3):
 PSYoungGen      total 485376K, used 24250K [0x00000000e0000000, 0x0000000100000000, 0x0000000100000000)
  eden space 451584K, 0% used [0x00000000e0000000,0x00000000e0000000,0x00000000fb900000)
  from space 33792K, 71% used [0x00000000fdd00000,0x00000000ff4ae848,0x00000000ffe00000)
  to   space 36352K, 0% used [0x00000000fb900000,0x00000000fb900000,0x00000000fdc80000)
 ParOldGen       total 142336K, used 59501K [0x00000000a0000000, 0x00000000a8b00000, 0x00000000e0000000)
  object space 142336K, 41% used [0x00000000a0000000,0x00000000a3a1b600,0x00000000a8b00000)
 Metaspace       used 79585K, capacity 83290K, committed 83416K, reserved 1122304K
  class space    used 10197K, capacity 10934K, committed 11008K, reserved 1048576K
}
Event: 146.551 GC heap before
{Heap before GC invocations=28 (full 3):
 PSYoungGen      total 485376K, used 475717K [0x00000000e0000000, 0x0000000100000000, 0x0000000100000000)
  eden space 451584K, 99% used [0x00000000e0000000,0x00000000fb8e2ea0,0x00000000fb900000)
  from space 33792K, 71% used [0x00000000fdd00000,0x00000000ff4ae848,0x00000000ffe00000)
  to   space 36352K, 0% used [0x00000000fb900000,0x00000000fb900000,0x00000000fdc80000)
 ParOldGen       total 142336K, used 59501K [0x00000000a0000000, 0x00000000a8b00000, 0x00000000e0000000)
  object space 142336K, 41% used [0x00000000a0000000,0x00000000a3a1b600,0x00000000a8b00000)
 Metaspace       used 79701K, capacity 83386K, committed 83672K, reserved 1122304K
  class space    used 10201K, capacity 10940K, committed 11008K, reserved 1048576K
Event: 146.561 GC heap after
Heap after GC invocations=28 (full 3):
 PSYoungGen      total 487936K, used 13077K [0x00000000e0000000, 0x00000000ffe80000, 0x0000000100000000)
  eden space 451584K, 0% used [0x00000000e0000000,0x00000000e0000000,0x00000000fb900000)
  from space 36352K, 35% used [0x00000000fb900000,0x00000000fc5c54f0,0x00000000fdc80000)
  to   space 34304K, 0% used [0x00000000fdd00000,0x00000000fdd00000,0x00000000ffe80000)
 ParOldGen       total 142336K, used 59509K [0x00000000a0000000, 0x00000000a8b00000, 0x00000000e0000000)
  object space 142336K, 41% used [0x00000000a0000000,0x00000000a3a1d600,0x00000000a8b00000)
 Metaspace       used 79701K, capacity 83386K, committed 83672K, reserved 1122304K
  class space    used 10201K, capacity 10940K, committed 11008K, reserved 1048576K
}
Event: 154.624 GC heap before
{Heap before GC invocations=29 (full 3):
 PSYoungGen      total 487936K, used 464661K [0x00000000e0000000, 0x00000000ffe80000, 0x0000000100000000)
  eden space 451584K, 100% used [0x00000000e0000000,0x00000000fb900000,0x00000000fb900000)
  from space 36352K, 35% used [0x00000000fb900000,0x00000000fc5c54f0,0x00000000fdc80000)
  to   space 34304K, 0% used [0x00000000fdd00000,0x00000000fdd00000,0x00000000ffe80000)
 ParOldGen       total 142336K, used 59509K [0x00000000a0000000, 0x00000000a8b00000, 0x00000000e0000000)
  object space 142336K, 41% used [0x00000000a0000000,0x00000000a3a1d600,0x00000000a8b00000)
 Metaspace       used 80048K, capacity 83802K, committed 83928K, reserved 1122304K
  class space    used 10209K, capacity 10954K, committed 11008K, reserved 1048576K
Event: 154.635 GC heap after
Heap after GC invocations=29 (full 3):
 PSYoungGen      total 484352K, used 9696K [0x00000000e0000000, 0x00000000ffb00000, 0x0000000100000000)
  eden space 453632K, 0% used [0x00000000e0000000,0x00000000e0000000,0x00000000fbb00000)
  from space 30720K, 31% used [0x00000000fdd00000,0x00000000fe6780b0,0x00000000ffb00000)
  to   space 32768K, 0% used [0x00000000fbb00000,0x00000000fbb00000,0x00000000fdb00000)
 ParOldGen       total 142336K, used 59517K [0x00000000a0000000, 0x00000000a8b00000, 0x00000000e0000000)
  object space 142336K, 41% used [0x00000000a0000000,0x00000000a3a1f600,0x00000000a8b00000)
 Metaspace       used 80048K, capacity 83802K, committed 83928K, reserved 1122304K
  class space    used 10209K, capacity 10954K, committed 11008K, reserved 1048576K
}
Event: 158.741 GC heap before
{Heap before GC invocations=30 (full 3):
 PSYoungGen      total 484352K, used 463328K [0x00000000e0000000, 0x00000000ffb00000, 0x0000000100000000)
  eden space 453632K, 100% used [0x00000000e0000000,0x00000000fbb00000,0x00000000fbb00000)
  from space 30720K, 31% used [0x00000000fdd00000,0x00000000fe6780b0,0x00000000ffb00000)
  to   space 32768K, 0% used [0x00000000fbb00000,0x00000000fbb00000,0x00000000fdb00000)
 ParOldGen       total 142336K, used 59517K [0x00000000a0000000, 0x00000000a8b00000, 0x00000000e0000000)
  object space 142336K, 41% used [0x00000000a0000000,0x00000000a3a1f600,0x00000000a8b00000)
 Metaspace       used 80178K, capacity 83958K, committed 84184K, reserved 1122304K
  class space    used 10213K, capacity 10958K, committed 11008K, reserved 1048576K
Event: 158.765 GC heap after
Heap after GC invocations=30 (full 3):
 PSYoungGen      total 486400K, used 32745K [0x00000000e0000000, 0x0000000100000000, 0x0000000100000000)
  eden space 453632K, 0% used [0x00000000e0000000,0x00000000e0000000,0x00000000fbb00000)
  from space 32768K, 99% used [0x00000000fbb00000,0x00000000fdafa688,0x00000000fdb00000)
  to   space 37888K, 0% used [0x00000000fdb00000,0x00000000fdb00000,0x0000000100000000)
 ParOldGen       total 142336K, used 61166K [0x00000000a0000000, 0x00000000a8b00000, 0x00000000e0000000)
  object space 142336K, 42% used [0x00000000a0000000,0x00000000a3bbba10,0x00000000a8b00000)
 Metaspace       used 80178K, capacity 83958K, committed 84184K, reserved 1122304K
  class space    used 10213K, capacity 10958K, committed 11008K, reserved 1048576K
}
Event: 260.974 GC heap before
{Heap before GC invocations=31 (full 3):
 PSYoungGen      total 486400K, used 486377K [0x00000000e0000000, 0x0000000100000000, 0x0000000100000000)
  eden space 453632K, 100% used [0x00000000e0000000,0x00000000fbb00000,0x00000000fbb00000)
  from space 32768K, 99% used [0x00000000fbb00000,0x00000000fdafa688,0x00000000fdb00000)
  to   space 37888K, 0% used [0x00000000fdb00000,0x00000000fdb00000,0x0000000100000000)
 ParOldGen       total 142336K, used 61166K [0x00000000a0000000, 0x00000000a8b00000, 0x00000000e0000000)
  object space 142336K, 42% used [0x00000000a0000000,0x00000000a3bbba10,0x00000000a8b00000)
 Metaspace       used 81790K, capacity 85856K, committed 86104K, reserved 1124352K
  class space    used 10358K, capacity 11131K, committed 11136K, reserved 1048576K
Event: 261.031 GC heap after
Heap after GC invocations=31 (full 3):
 PSYoungGen      total 456704K, used 15169K [0x00000000e0000000, 0x00000000ff000000, 0x0000000100000000)
  eden space 435200K, 0% used [0x00000000e0000000,0x00000000e0000000,0x00000000fa900000)
  from space 21504K, 70% used [0x00000000fdb00000,0x00000000fe9d0750,0x00000000ff000000)
  to   space 36352K, 0% used [0x00000000fa900000,0x00000000fa900000,0x00000000fcc80000)
 ParOldGen       total 142336K, used 61350K [0x00000000a0000000, 0x00000000a8b00000, 0x00000000e0000000)
  object space 142336K, 43% used [0x00000000a0000000,0x00000000a3be9a10,0x00000000a8b00000)
 Metaspace       used 81790K, capacity 85856K, committed 86104K, reserved 1124352K
  class space    used 10358K, capacity 11131K, committed 11136K, reserved 1048576K
}

